{"/mnt/d/Harkirat Cohort 3.0/assignments/week-4/middlewares/01-ratelimitter.js": {"path":"/mnt/d/Harkirat Cohort 3.0/assignments/week-4/middlewares/01-ratelimitter.js","all":false,"statementMap":{"0":{"start":{"line":1,"column":0},"end":{"line":1,"column":113}},"1":{"start":{"line":2,"column":0},"end":{"line":2,"column":0}},"2":{"start":{"line":3,"column":0},"end":{"line":3,"column":35}},"3":{"start":{"line":4,"column":0},"end":{"line":4,"column":22}},"4":{"start":{"line":5,"column":0},"end":{"line":5,"column":0}},"5":{"start":{"line":6,"column":0},"end":{"line":6,"column":66}},"6":{"start":{"line":7,"column":0},"end":{"line":7,"column":67}},"7":{"start":{"line":8,"column":0},"end":{"line":8,"column":70}},"8":{"start":{"line":9,"column":0},"end":{"line":9,"column":32}},"9":{"start":{"line":10,"column":0},"end":{"line":10,"column":67}},"10":{"start":{"line":11,"column":0},"end":{"line":11,"column":79}},"11":{"start":{"line":12,"column":0},"end":{"line":12,"column":26}},"12":{"start":{"line":13,"column":0},"end":{"line":13,"column":0}},"13":{"start":{"line":14,"column":0},"end":{"line":14,"column":34}},"14":{"start":{"line":15,"column":0},"end":{"line":15,"column":42}},"15":{"start":{"line":16,"column":0},"end":{"line":16,"column":41}},"16":{"start":{"line":17,"column":0},"end":{"line":17,"column":43}},"17":{"start":{"line":18,"column":0},"end":{"line":18,"column":49}},"18":{"start":{"line":19,"column":0},"end":{"line":19,"column":34}},"19":{"start":{"line":20,"column":0},"end":{"line":20,"column":63}},"20":{"start":{"line":21,"column":0},"end":{"line":21,"column":14}},"21":{"start":{"line":22,"column":0},"end":{"line":22,"column":9}},"22":{"start":{"line":23,"column":0},"end":{"line":23,"column":13}},"23":{"start":{"line":24,"column":0},"end":{"line":24,"column":19}},"24":{"start":{"line":25,"column":0},"end":{"line":25,"column":9}},"25":{"start":{"line":26,"column":0},"end":{"line":26,"column":5}},"26":{"start":{"line":27,"column":0},"end":{"line":27,"column":9}},"27":{"start":{"line":28,"column":0},"end":{"line":28,"column":44}},"28":{"start":{"line":29,"column":0},"end":{"line":29,"column":15}},"29":{"start":{"line":30,"column":0},"end":{"line":30,"column":5}},"30":{"start":{"line":31,"column":0},"end":{"line":31,"column":2}},"31":{"start":{"line":32,"column":0},"end":{"line":32,"column":0}},"32":{"start":{"line":33,"column":0},"end":{"line":33,"column":33}},"33":{"start":{"line":34,"column":0},"end":{"line":34,"column":0}},"34":{"start":{"line":35,"column":0},"end":{"line":35,"column":19}},"35":{"start":{"line":36,"column":0},"end":{"line":36,"column":33}},"36":{"start":{"line":37,"column":0},"end":{"line":37,"column":8}},"37":{"start":{"line":38,"column":0},"end":{"line":38,"column":0}},"38":{"start":{"line":39,"column":0},"end":{"line":39,"column":37}},"39":{"start":{"line":40,"column":0},"end":{"line":40,"column":41}},"40":{"start":{"line":41,"column":0},"end":{"line":41,"column":3}},"41":{"start":{"line":42,"column":0},"end":{"line":42,"column":0}},"42":{"start":{"line":43,"column":0},"end":{"line":43,"column":38}},"43":{"start":{"line":44,"column":0},"end":{"line":44,"column":54}},"44":{"start":{"line":45,"column":0},"end":{"line":45,"column":3}},"45":{"start":{"line":46,"column":0},"end":{"line":46,"column":0}},"46":{"start":{"line":47,"column":0},"end":{"line":47,"column":17}},"47":{"start":{"line":48,"column":0},"end":{"line":48,"column":21}}},"s":{"0":1,"1":1,"2":1,"3":1,"4":1,"5":1,"6":1,"7":1,"8":1,"9":1,"10":1,"11":1,"12":1,"13":1,"14":13,"15":13,"16":11,"17":11,"18":7,"19":7,"20":7,"21":7,"22":4,"23":4,"24":4,"25":11,"26":2,"27":2,"28":2,"29":2,"30":13,"31":1,"32":1,"33":1,"34":1,"35":3,"36":1,"37":1,"38":1,"39":6,"40":1,"41":1,"42":1,"43":0,"44":1,"45":1,"46":1,"47":1},"branchMap":{"0":{"type":"branch","line":14,"loc":{"start":{"line":14,"column":8},"end":{"line":31,"column":2}},"locations":[{"start":{"line":14,"column":8},"end":{"line":31,"column":2}}]},"1":{"type":"branch","line":16,"loc":{"start":{"line":16,"column":40},"end":{"line":26,"column":5}},"locations":[{"start":{"line":16,"column":40},"end":{"line":26,"column":5}}]},"2":{"type":"branch","line":18,"loc":{"start":{"line":18,"column":48},"end":{"line":22,"column":9}},"locations":[{"start":{"line":18,"column":48},"end":{"line":22,"column":9}}]},"3":{"type":"branch","line":23,"loc":{"start":{"line":23,"column":-2},"end":{"line":25,"column":9}},"locations":[{"start":{"line":23,"column":-2},"end":{"line":25,"column":9}}]},"4":{"type":"branch","line":27,"loc":{"start":{"line":27,"column":-2},"end":{"line":30,"column":5}},"locations":[{"start":{"line":27,"column":-2},"end":{"line":30,"column":5}}]},"5":{"type":"branch","line":35,"loc":{"start":{"line":35,"column":12},"end":{"line":37,"column":3}},"locations":[{"start":{"line":35,"column":12},"end":{"line":37,"column":3}}]},"6":{"type":"branch","line":39,"loc":{"start":{"line":39,"column":17},"end":{"line":41,"column":2}},"locations":[{"start":{"line":39,"column":17},"end":{"line":41,"column":2}}]}},"b":{"0":[13],"1":[11],"2":[7],"3":[4],"4":[2],"5":[3],"6":[6]},"fnMap":{},"f":{}}
}
